<?xml version="1.0" encoding="UTF-8"?>
<!-- Generated by org.testng.reporters.JUnitReportReporter -->
<testsuite skipped="0" hostname="Shumi_Dell" name="com.nexttechITC.TestRunner.TestNGTestRunner$TestRunner" tests="1" failures="0" timestamp="19 Apr 2022 04:26:50 GMT" time="0.003" errors="0">
  <testcase name="feature" time="0.003" classname="com.nexttechITC.TestRunner.TestNGTestRunner$TestRunner"/>
</testsuite> <!-- com.nexttechITC.TestRunner.TestNGTestRunner$TestRunner -->
